Using pre-set license

 COMMAND LINE ARGUMENTS:
/Applications/Unity/Hub/Editor/2020.2.5f1/Unity.app/Contents/MacOS/Unity
-adb2
-batchMode
-noUpm
-name
AssetImportWorker0
-projectPath
/Users/dominik/GitHub/dfpi/workshops/unity/2021_pathway2_workshop_02/ArduinoTutorial
-logFile
Logs/AssetImportWorker0.log
-srvPort
50256
Successfully changed project path to: /Users/dominik/GitHub/dfpi/workshops/unity/2021_pathway2_workshop_02/ArduinoTutorial
/Users/dominik/GitHub/dfpi/workshops/unity/2021_pathway2_workshop_02/ArduinoTutorial
Using Asset Import Pipeline V2.
Refreshing native plugins compatible for Editor in 21.19 ms, found 1 plugins.
Preloading 0 native plugins for Editor in 0.00 ms.
Initialize engine version: 2020.2.5f1 (e2c53f129de5)
[Subsystems] Discovering subsystems at path /Applications/Unity/Hub/Editor/2020.2.5f1/Unity.app/Contents/Resources/UnitySubsystems
[Subsystems] Discovering subsystems at path /Users/dominik/GitHub/dfpi/workshops/unity/2021_pathway2_workshop_02/ArduinoTutorial/Assets
GfxDevice: creating device client; threaded=0
2021-03-05 01:50:38.872 Unity[12407:244413] iMac preferred device: AMD Radeon Pro 580 (high power)
2021-03-05 01:50:38.872 Unity[12407:244413] Metal devices available: 1
2021-03-05 01:50:38.873 Unity[12407:244413] 0: AMD Radeon Pro 580 (high power)
2021-03-05 01:50:38.873 Unity[12407:244413] Using device AMD Radeon Pro 580 (high power)
Initializing Metal device caps: AMD Radeon Pro 580
Initialize mono
Mono path[0] = '/Applications/Unity/Hub/Editor/2020.2.5f1/Unity.app/Contents/Managed'
Mono path[1] = '/Applications/Unity/Hub/Editor/2020.2.5f1/Unity.app/Contents/MonoBleedingEdge/lib/mono/unityjit'
Mono config path = '/Applications/Unity/Hub/Editor/2020.2.5f1/Unity.app/Contents/MonoBleedingEdge/etc'
Using monoOptions --debugger-agent=transport=dt_socket,embedding=1,server=y,suspend=n,address=127.0.0.1:56407
Begin MonoManager ReloadAssembly
Registering precompiled unity dll's ...
Register platform support module: /Applications/Unity/Hub/Editor/2020.2.5f1/Unity.app/Contents/PlaybackEngines/MacStandaloneSupport/UnityEditor.OSXStandalone.Extensions.dll
Registered in 0.000514 seconds.
Native extension for OSXStandalone target not found
Refreshing native plugins compatible for Editor in 20.06 ms, found 1 plugins.
Preloading 0 native plugins for Editor in 0.00 ms.
Invoked RoslynAnalysisRunner static constructor.
RoslynAnalysisRunner will not be running.
RoslynAnalysisRunner has terminated.
Mono: successfully reloaded assembly
- Completed reload, in  1.288 seconds
Platform modules already initialized, skipping
Registering precompiled user dll's ...
Registered in 0.000337 seconds.
Begin MonoManager ReloadAssembly
Native extension for OSXStandalone target not found
Refreshing native plugins compatible for Editor in 0.23 ms, found 1 plugins.
Preloading 0 native plugins for Editor in 0.00 ms.
Invoked RoslynAnalysisRunner static constructor.
RoslynAnalysisRunner will not be running.
RoslynAnalysisRunner has terminated.
Mono: successfully reloaded assembly
- Completed reload, in  0.849 seconds
Platform modules already initialized, skipping
========================================================================
Worker process is ready to serve import requests
Launching external process: /Applications/Unity/Hub/Editor/2020.2.5f1/Unity.app/Contents/Tools/UnityShaderCompiler
Launched and connected shader compiler UnityShaderCompiler after 0.01 seconds
Refreshing native plugins compatible for Editor in 0.23 ms, found 1 plugins.
Preloading 0 native plugins for Editor in 0.00 ms.
Unloading 1123 Unused Serialized files (Serialized files now loaded: 0)
System memory in use before: 107.3 MB.
System memory in use after: 107.3 MB.

Unloading 16 unused Assets to reduce memory usage. Loaded Objects now: 1558.
Total: 1.904929 ms (FindLiveObjects: 0.153955 ms CreateObjectMapping: 0.039675 ms MarkObjects: 1.634511 ms  DeleteObjects: 0.075204 ms)

========================================================================
Received Import Request.
  path: Assets/Scenes/SampleScene.unity
  artifactKey: Guid(9fc0d4010bbf28b4594072e72b8655ab) Importer(815301076,1909f56bfc062723c751e8b465ee728b)
Start importing Assets/Scenes/SampleScene.unity using Guid(9fc0d4010bbf28b4594072e72b8655ab) Importer(815301076,1909f56bfc062723c751e8b465ee728b)  -> (artifact id: '7de382c07279e12fd82d7d241c4284f9') in 0.008792 seconds
  Import took 0.010974 seconds .

========================================================================
Received Prepare
Registering precompiled user dll's ...
Registered in 0.000337 seconds.
Begin MonoManager ReloadAssembly
Native extension for OSXStandalone target not found
Refreshing native plugins compatible for Editor in 0.25 ms, found 1 plugins.
Preloading 0 native plugins for Editor in 0.00 ms.
Invoked RoslynAnalysisRunner static constructor.
RoslynAnalysisRunner will not be running.
RoslynAnalysisRunner has terminated.
Mono: successfully reloaded assembly
- Completed reload, in  0.761 seconds
Platform modules already initialized, skipping
Refreshing native plugins compatible for Editor in 0.23 ms, found 1 plugins.
Preloading 0 native plugins for Editor in 0.00 ms.
Unloading 1118 Unused Serialized files (Serialized files now loaded: 0)
System memory in use before: 107.3 MB.
System memory in use after: 107.4 MB.

Unloading 11 unused Assets to reduce memory usage. Loaded Objects now: 1560.
Total: 1.270002 ms (FindLiveObjects: 0.133698 ms CreateObjectMapping: 0.032517 ms MarkObjects: 1.059949 ms  DeleteObjects: 0.042979 ms)

========================================================================
Received Import Request.
  Time since last request: 478.197668 seconds.
  path: Assets/Arduino/ArduinoScripts/CompassExample
  artifactKey: Guid(a7555fbd84a4c4daaa5188bfe0020fda) Importer(815301076,1909f56bfc062723c751e8b465ee728b)
Start importing Assets/Arduino/ArduinoScripts/CompassExample using Guid(a7555fbd84a4c4daaa5188bfe0020fda) Importer(815301076,1909f56bfc062723c751e8b465ee728b)  -> (artifact id: 'fa8636f7d42266ce14e532f336adab31') in 0.002832 seconds
  Import took 0.004566 seconds .

========================================================================
Received Import Request.
  Time since last request: 3.339689 seconds.
  path: Assets/Arduino/Scrips/ArduinoEventReceiver.cs
  artifactKey: Guid(2e568081d00494c259c388bdb94da657) Importer(815301076,1909f56bfc062723c751e8b465ee728b)
Start importing Assets/Arduino/Scrips/ArduinoEventReceiver.cs using Guid(2e568081d00494c259c388bdb94da657) Importer(815301076,1909f56bfc062723c751e8b465ee728b)  -> (artifact id: '3959e50e1dc26e9c4775766127d247f6') in 0.212101 seconds
  Import took 0.214913 seconds .

========================================================================
Received Import Request.
  Time since last request: 5.372537 seconds.
  path: Assets/Arduino/Scrips/ArduinoHandler.cs
  artifactKey: Guid(eaa4ef0661a374cf3a41f02d87e0e9c4) Importer(815301076,1909f56bfc062723c751e8b465ee728b)
Start importing Assets/Arduino/Scrips/ArduinoHandler.cs using Guid(eaa4ef0661a374cf3a41f02d87e0e9c4) Importer(815301076,1909f56bfc062723c751e8b465ee728b)  -> (artifact id: '7ff85cc11c073db2eb2e0603342d0ac8') in 0.046571 seconds
  Import took 0.048276 seconds .

========================================================================
Received Import Request.
  Time since last request: 0.762439 seconds.
  path: Assets/Arduino/Scrips/ArduinoPropertySender.cs
  artifactKey: Guid(b61fb7c52c7454740a8b249c85dd44c2) Importer(815301076,1909f56bfc062723c751e8b465ee728b)
Start importing Assets/Arduino/Scrips/ArduinoPropertySender.cs using Guid(b61fb7c52c7454740a8b249c85dd44c2) Importer(815301076,1909f56bfc062723c751e8b465ee728b)  -> (artifact id: '896d5d5deff77f6ca8eacb4ee4cad90e') in 0.007364 seconds
  Import took 0.009698 seconds .

========================================================================
Received Import Request.
  Time since last request: 155.149900 seconds.
  path: Assets/Arduino/Editor/ArduinoEventReceiverEditor.cs
  artifactKey: Guid(dec9c6ae075bc4a708f1484d84d92036) Importer(815301076,1909f56bfc062723c751e8b465ee728b)
Start importing Assets/Arduino/Editor/ArduinoEventReceiverEditor.cs using Guid(dec9c6ae075bc4a708f1484d84d92036) Importer(815301076,1909f56bfc062723c751e8b465ee728b)  -> (artifact id: 'bc20cd0664b61ae3db6a74024b56743d') in 0.003048 seconds
  Import took 0.004578 seconds .

========================================================================
Received Import Request.
  Time since last request: 0.001944 seconds.
  path: Assets/Arduino/Editor/ArduinoEventReceiverEditor.cs
  artifactKey: Guid(dec9c6ae075bc4a708f1484d84d92036) Importer(815301076,1909f56bfc062723c751e8b465ee728b)
Start importing Assets/Arduino/Editor/ArduinoEventReceiverEditor.cs using Guid(dec9c6ae075bc4a708f1484d84d92036) Importer(815301076,1909f56bfc062723c751e8b465ee728b)  -> (artifact id: 'bc20cd0664b61ae3db6a74024b56743d') in 0.003122 seconds
  Import took 0.004579 seconds .

========================================================================
Received Import Request.
  Time since last request: 0.741361 seconds.
  path: Assets/Arduino/Editor/ArduinoPropertySenderEditor.cs
  artifactKey: Guid(373e0df7ee9e54f0aac7a8d3345146da) Importer(815301076,1909f56bfc062723c751e8b465ee728b)
Start importing Assets/Arduino/Editor/ArduinoPropertySenderEditor.cs using Guid(373e0df7ee9e54f0aac7a8d3345146da) Importer(815301076,1909f56bfc062723c751e8b465ee728b)  -> (artifact id: 'df819fd809a1c62333d2d508ce827484') in 0.003390 seconds
  Import took 0.005358 seconds .

========================================================================
Received Import Request.
  Time since last request: 0.000331 seconds.
  path: Assets/Arduino/Editor/ArduinoPropertySenderEditor.cs
  artifactKey: Guid(373e0df7ee9e54f0aac7a8d3345146da) Importer(815301076,1909f56bfc062723c751e8b465ee728b)
Start importing Assets/Arduino/Editor/ArduinoPropertySenderEditor.cs using Guid(373e0df7ee9e54f0aac7a8d3345146da) Importer(815301076,1909f56bfc062723c751e8b465ee728b)  -> (artifact id: 'df819fd809a1c62333d2d508ce827484') in 0.003694 seconds
  Import took 0.005747 seconds .

========================================================================
Received Prepare
Registering precompiled user dll's ...
Registered in 0.000323 seconds.
Begin MonoManager ReloadAssembly
Native extension for OSXStandalone target not found
Refreshing native plugins compatible for Editor in 0.24 ms, found 1 plugins.
Preloading 0 native plugins for Editor in 0.00 ms.
Invoked RoslynAnalysisRunner static constructor.
RoslynAnalysisRunner will not be running.
RoslynAnalysisRunner has terminated.
Mono: successfully reloaded assembly
- Completed reload, in  0.767 seconds
Platform modules already initialized, skipping
Refreshing native plugins compatible for Editor in 0.24 ms, found 1 plugins.
Preloading 0 native plugins for Editor in 0.00 ms.
Unloading 1118 Unused Serialized files (Serialized files now loaded: 0)
System memory in use before: 111.9 MB.
System memory in use after: 112.0 MB.

Unloading 11 unused Assets to reduce memory usage. Loaded Objects now: 1562.
Total: 1.321429 ms (FindLiveObjects: 0.172880 ms CreateObjectMapping: 0.035454 ms MarkObjects: 1.072776 ms  DeleteObjects: 0.039411 ms)

========================================================================
Received Prepare
Registering precompiled user dll's ...
Registered in 0.000353 seconds.
Begin MonoManager ReloadAssembly
Native extension for OSXStandalone target not found
Refreshing native plugins compatible for Editor in 0.23 ms, found 1 plugins.
Preloading 0 native plugins for Editor in 0.00 ms.
Invoked RoslynAnalysisRunner static constructor.
RoslynAnalysisRunner will not be running.
RoslynAnalysisRunner has terminated.
Mono: successfully reloaded assembly
- Completed reload, in  0.759 seconds
Platform modules already initialized, skipping
Refreshing native plugins compatible for Editor in 0.45 ms, found 1 plugins.
Preloading 0 native plugins for Editor in 0.00 ms.
Unloading 1118 Unused Serialized files (Serialized files now loaded: 0)
System memory in use before: 112.1 MB.
System memory in use after: 112.2 MB.

Unloading 11 unused Assets to reduce memory usage. Loaded Objects now: 1564.
Total: 1.748641 ms (FindLiveObjects: 0.217855 ms CreateObjectMapping: 0.042001 ms MarkObjects: 1.404731 ms  DeleteObjects: 0.081961 ms)

========================================================================
Received Import Request.
  Time since last request: 416.053368 seconds.
  path: Assets/Arduino/Scrips/ArduinoHandler.cs
  artifactKey: Guid(eaa4ef0661a374cf3a41f02d87e0e9c4) Importer(815301076,1909f56bfc062723c751e8b465ee728b)
Start importing Assets/Arduino/Scrips/ArduinoHandler.cs using Guid(eaa4ef0661a374cf3a41f02d87e0e9c4) Importer(815301076,1909f56bfc062723c751e8b465ee728b)  -> (artifact id: '0b914e4ab294e74438722c9650e488fe') in 0.005884 seconds
  Import took 0.007855 seconds .

========================================================================
Received Import Request.
  Time since last request: 1.774867 seconds.
  path: Assets/Arduino/Scrips/ArduinoFieldSender.cs
  artifactKey: Guid(26bced933bfc940099046a70a171c2e9) Importer(815301076,1909f56bfc062723c751e8b465ee728b)
Start importing Assets/Arduino/Scrips/ArduinoFieldSender.cs using Guid(26bced933bfc940099046a70a171c2e9) Importer(815301076,1909f56bfc062723c751e8b465ee728b)  -> (artifact id: '54fcb8c73b69a063d2823809ee33db73') in 0.004381 seconds
  Import took 0.006248 seconds .

========================================================================
Received Import Request.
  Time since last request: 20.642909 seconds.
  path: Assets/Arduino/Scrips/ArduinoFieldSender.cs
  artifactKey: Guid(26bced933bfc940099046a70a171c2e9) Importer(815301076,1909f56bfc062723c751e8b465ee728b)
Start importing Assets/Arduino/Scrips/ArduinoFieldSender.cs using Guid(26bced933bfc940099046a70a171c2e9) Importer(815301076,1909f56bfc062723c751e8b465ee728b)  -> (artifact id: '528f2d6d4685955b3e1aa464c1b7144c') in 0.009517 seconds
  Import took 0.012026 seconds .

========================================================================
Received Prepare
Registering precompiled user dll's ...
Registered in 0.000311 seconds.
Begin MonoManager ReloadAssembly
Native extension for OSXStandalone target not found
Refreshing native plugins compatible for Editor in 0.23 ms, found 1 plugins.
Preloading 0 native plugins for Editor in 0.00 ms.
Invoked RoslynAnalysisRunner static constructor.
RoslynAnalysisRunner will not be running.
RoslynAnalysisRunner has terminated.
Mono: successfully reloaded assembly
- Completed reload, in  0.769 seconds
Platform modules already initialized, skipping
Refreshing native plugins compatible for Editor in 0.23 ms, found 1 plugins.
Preloading 0 native plugins for Editor in 0.00 ms.
Unloading 1119 Unused Serialized files (Serialized files now loaded: 0)
System memory in use before: 112.3 MB.
System memory in use after: 112.4 MB.

Unloading 11 unused Assets to reduce memory usage. Loaded Objects now: 1567.
Total: 1.362123 ms (FindLiveObjects: 0.140681 ms CreateObjectMapping: 0.028741 ms MarkObjects: 1.151593 ms  DeleteObjects: 0.039986 ms)

========================================================================
Received Import Request.
  Time since last request: 123.942501 seconds.
  path: Assets/Arduino/Scrips/ArduinoFieldSender.cs
  artifactKey: Guid(26bced933bfc940099046a70a171c2e9) Importer(815301076,1909f56bfc062723c751e8b465ee728b)
Start importing Assets/Arduino/Scrips/ArduinoFieldSender.cs using Guid(26bced933bfc940099046a70a171c2e9) Importer(815301076,1909f56bfc062723c751e8b465ee728b)  -> (artifact id: 'fb1f10bc6ecf6a1f5cf15cdc64b1f36c') in 0.006107 seconds
  Import took 0.007717 seconds .

========================================================================
Received Import Request.
  Time since last request: 63.639290 seconds.
  path: Assets/Arduino/Scrips/ArduinoFieldSender.cs
  artifactKey: Guid(26bced933bfc940099046a70a171c2e9) Importer(815301076,1909f56bfc062723c751e8b465ee728b)
Start importing Assets/Arduino/Scrips/ArduinoFieldSender.cs using Guid(26bced933bfc940099046a70a171c2e9) Importer(815301076,1909f56bfc062723c751e8b465ee728b)  -> (artifact id: 'b02a334a293bf29db84e8653bd85b3f5') in 0.009708 seconds
  Import took 0.011419 seconds .

========================================================================
Received Prepare
Registering precompiled user dll's ...
Registered in 0.000346 seconds.
Begin MonoManager ReloadAssembly
Native extension for OSXStandalone target not found
Refreshing native plugins compatible for Editor in 0.23 ms, found 1 plugins.
Preloading 0 native plugins for Editor in 0.00 ms.
Invoked RoslynAnalysisRunner static constructor.
RoslynAnalysisRunner will not be running.
RoslynAnalysisRunner has terminated.
Mono: successfully reloaded assembly
- Completed reload, in  0.774 seconds
Platform modules already initialized, skipping
Refreshing native plugins compatible for Editor in 0.23 ms, found 1 plugins.
Preloading 0 native plugins for Editor in 0.00 ms.
Unloading 1119 Unused Serialized files (Serialized files now loaded: 0)
System memory in use before: 112.5 MB.
System memory in use after: 112.5 MB.

Unloading 11 unused Assets to reduce memory usage. Loaded Objects now: 1569.
Total: 1.329335 ms (FindLiveObjects: 0.189171 ms CreateObjectMapping: 0.041059 ms MarkObjects: 1.060790 ms  DeleteObjects: 0.037504 ms)

========================================================================
Received Import Request.
  Time since last request: 41.181396 seconds.
  path: Assets/Arduino/Editor/ArduinoFieldSenderEditor.cs
  artifactKey: Guid(df478976d6abe4c3bbdd548fa2677b3d) Importer(815301076,1909f56bfc062723c751e8b465ee728b)
Start importing Assets/Arduino/Editor/ArduinoFieldSenderEditor.cs using Guid(df478976d6abe4c3bbdd548fa2677b3d) Importer(815301076,1909f56bfc062723c751e8b465ee728b)  -> (artifact id: 'd9981cacdf5f3fe02dcc07b0820074c3') in 0.006785 seconds
  Import took 0.008435 seconds .

========================================================================
Received Import Request.
  Time since last request: 49.740527 seconds.
  path: Assets/Arduino/Editor/ArduinoFieldSenderEditor.cs
  artifactKey: Guid(df478976d6abe4c3bbdd548fa2677b3d) Importer(815301076,1909f56bfc062723c751e8b465ee728b)
Start importing Assets/Arduino/Editor/ArduinoFieldSenderEditor.cs using Guid(df478976d6abe4c3bbdd548fa2677b3d) Importer(815301076,1909f56bfc062723c751e8b465ee728b)  -> (artifact id: '881ff8491d2ee75d08cd468936653245') in 0.008318 seconds
  Import took 0.010332 seconds .

========================================================================
Received Import Request.
  Time since last request: 182.130731 seconds.
  path: Assets/Arduino/Editor/ArduinoFieldSenderEditor.cs
  artifactKey: Guid(df478976d6abe4c3bbdd548fa2677b3d) Importer(815301076,1909f56bfc062723c751e8b465ee728b)
Start importing Assets/Arduino/Editor/ArduinoFieldSenderEditor.cs using Guid(df478976d6abe4c3bbdd548fa2677b3d) Importer(815301076,1909f56bfc062723c751e8b465ee728b)  -> (artifact id: 'aa92fdfbfef1c05fb674e052d07e0541') in 0.009274 seconds
  Import took 0.010826 seconds .

========================================================================
Received Prepare
Registering precompiled user dll's ...
Registered in 0.000339 seconds.
Begin MonoManager ReloadAssembly
Native extension for OSXStandalone target not found
Refreshing native plugins compatible for Editor in 0.42 ms, found 1 plugins.
Preloading 0 native plugins for Editor in 0.00 ms.
Invoked RoslynAnalysisRunner static constructor.
RoslynAnalysisRunner will not be running.
RoslynAnalysisRunner has terminated.
Mono: successfully reloaded assembly
- Completed reload, in  0.773 seconds
Platform modules already initialized, skipping
Refreshing native plugins compatible for Editor in 0.23 ms, found 1 plugins.
Preloading 0 native plugins for Editor in 0.00 ms.
Unloading 1120 Unused Serialized files (Serialized files now loaded: 0)
System memory in use before: 112.7 MB.
System memory in use after: 112.7 MB.

Unloading 11 unused Assets to reduce memory usage. Loaded Objects now: 1572.
Total: 1.363584 ms (FindLiveObjects: 0.143782 ms CreateObjectMapping: 0.030125 ms MarkObjects: 1.149285 ms  DeleteObjects: 0.038921 ms)

========================================================================
Received Import Request.
  Time since last request: 51.020185 seconds.
  path: Assets/Arduino/Testers/ArduinoFieldSendTest.cs
  artifactKey: Guid(a658e4702be9f48be8beb9897abf2e54) Importer(815301076,1909f56bfc062723c751e8b465ee728b)
Start importing Assets/Arduino/Testers/ArduinoFieldSendTest.cs using Guid(a658e4702be9f48be8beb9897abf2e54) Importer(815301076,1909f56bfc062723c751e8b465ee728b)  -> (artifact id: 'f7419a1ae288d0d12a38629e309ed88d') in 0.009117 seconds
  Import took 0.010901 seconds .

========================================================================
Received Import Request.
  Time since last request: 0.001394 seconds.
  path: Assets/Arduino/Testers/ArduinoFieldSendTest.cs
  artifactKey: Guid(a658e4702be9f48be8beb9897abf2e54) Importer(815301076,1909f56bfc062723c751e8b465ee728b)
Start importing Assets/Arduino/Testers/ArduinoFieldSendTest.cs using Guid(a658e4702be9f48be8beb9897abf2e54) Importer(815301076,1909f56bfc062723c751e8b465ee728b)  -> (artifact id: 'f7419a1ae288d0d12a38629e309ed88d') in 0.004415 seconds
  Import took 0.005934 seconds .

========================================================================
Received Prepare
Registering precompiled user dll's ...
Registered in 0.000305 seconds.
Begin MonoManager ReloadAssembly
Native extension for OSXStandalone target not found
Refreshing native plugins compatible for Editor in 0.38 ms, found 1 plugins.
Preloading 0 native plugins for Editor in 0.00 ms.
Invoked RoslynAnalysisRunner static constructor.
RoslynAnalysisRunner will not be running.
RoslynAnalysisRunner has terminated.
Mono: successfully reloaded assembly
- Completed reload, in  0.779 seconds
Platform modules already initialized, skipping
Refreshing native plugins compatible for Editor in 0.23 ms, found 1 plugins.
Preloading 0 native plugins for Editor in 0.00 ms.
Unloading 1121 Unused Serialized files (Serialized files now loaded: 0)
System memory in use before: 112.9 MB.
System memory in use after: 112.9 MB.

Unloading 11 unused Assets to reduce memory usage. Loaded Objects now: 1575.
Total: 1.437910 ms (FindLiveObjects: 0.220529 ms CreateObjectMapping: 0.041163 ms MarkObjects: 1.132601 ms  DeleteObjects: 0.042406 ms)

========================================================================
Received Prepare
Registering precompiled user dll's ...
Registered in 0.000331 seconds.
Begin MonoManager ReloadAssembly
Native extension for OSXStandalone target not found
Refreshing native plugins compatible for Editor in 0.24 ms, found 1 plugins.
Preloading 0 native plugins for Editor in 0.00 ms.
Invoked RoslynAnalysisRunner static constructor.
RoslynAnalysisRunner will not be running.
RoslynAnalysisRunner has terminated.
Mono: successfully reloaded assembly
- Completed reload, in  0.786 seconds
Platform modules already initialized, skipping
Refreshing native plugins compatible for Editor in 0.23 ms, found 1 plugins.
Preloading 0 native plugins for Editor in 0.00 ms.
Unloading 1121 Unused Serialized files (Serialized files now loaded: 0)
System memory in use before: 113.0 MB.
System memory in use after: 113.1 MB.

Unloading 11 unused Assets to reduce memory usage. Loaded Objects now: 1577.
Total: 1.454901 ms (FindLiveObjects: 0.193289 ms CreateObjectMapping: 0.037770 ms MarkObjects: 1.182933 ms  DeleteObjects: 0.040065 ms)

========================================================================
Received Prepare
Registering precompiled user dll's ...
Registered in 0.000326 seconds.
Begin MonoManager ReloadAssembly
Native extension for OSXStandalone target not found
Refreshing native plugins compatible for Editor in 0.23 ms, found 1 plugins.
Preloading 0 native plugins for Editor in 0.00 ms.
Invoked RoslynAnalysisRunner static constructor.
RoslynAnalysisRunner will not be running.
RoslynAnalysisRunner has terminated.
Mono: successfully reloaded assembly
- Completed reload, in  0.772 seconds
Platform modules already initialized, skipping
Refreshing native plugins compatible for Editor in 0.32 ms, found 1 plugins.
Preloading 0 native plugins for Editor in 0.00 ms.
Unloading 1121 Unused Serialized files (Serialized files now loaded: 0)
System memory in use before: 113.2 MB.
System memory in use after: 113.3 MB.

Unloading 11 unused Assets to reduce memory usage. Loaded Objects now: 1579.
Total: 1.347106 ms (FindLiveObjects: 0.135896 ms CreateObjectMapping: 0.030192 ms MarkObjects: 1.140411 ms  DeleteObjects: 0.039337 ms)

